<?xml version="1.0" encoding="UTF-8"?>
<!-- Generated by org.testng.reporters.JUnitReportReporter -->
<testsuite hostname="DESKTOP-FL8EQEL" failures="0" tests="10" name="testNGAnnotations.Flag4" time="0.035" errors="0" timestamp="2023-09-20T14:09:21 IST" skipped="0">
  <testcase classname="testNGAnnotations.Flag4" name="l" time="0.017">
    <system-out>
      <![CDATA[l]]>
    </system-out>
  </testcase> <!-- l -->
  <testcase classname="testNGAnnotations.Flag4" name="z" time="0.002">
    <system-out>
      <![CDATA[z]]>
    </system-out>
  </testcase> <!-- z -->
  <testcase classname="testNGAnnotations.Flag4" name="r" time="0.003">
    <system-out>
      <![CDATA[r]]>
    </system-out>
  </testcase> <!-- r -->
  <testcase classname="testNGAnnotations.Flag4" name="f" time="0.002">
    <system-out>
      <![CDATA[f]]>
    </system-out>
  </testcase> <!-- f -->
  <testcase classname="testNGAnnotations.Flag4" name="w" time="0.002">
    <system-out>
      <![CDATA[w]]>
    </system-out>
  </testcase> <!-- w -->
  <testcase classname="testNGAnnotations.Flag4" name="c" time="0.002">
    <system-out>
      <![CDATA[c]]>
    </system-out>
  </testcase> <!-- c -->
  <testcase classname="testNGAnnotations.Flag4" name="a" time="0.002">
    <system-out>
      <![CDATA[a]]>
    </system-out>
  </testcase> <!-- a -->
  <testcase classname="testNGAnnotations.Flag4" name="g" time="0.002">
    <system-out>
      <![CDATA[g]]>
    </system-out>
  </testcase> <!-- g -->
  <testcase classname="testNGAnnotations.Flag4" name="h" time="0.001">
    <system-out>
      <![CDATA[h]]>
    </system-out>
  </testcase> <!-- h -->
  <testcase classname="testNGAnnotations.Flag4" name="q" time="0.002">
    <system-out>
      <![CDATA[q]]>
    </system-out>
  </testcase> <!-- q -->
  <system-out>
    <![CDATA[l
f
r
w
z
c
a
g
h
q]]>
  </system-out>
</testsuite> <!-- testNGAnnotations.Flag4 -->
