<?xml version="1.0" encoding="UTF-8"?>
<!-- Generated by org.testng.reporters.JUnitReportReporter -->
<testsuite hostname="DESKTOP-FL8EQEL" failures="0" tests="1" name="testNGExecution.SearchSelenium" time="38.554" errors="0" timestamp="2023-09-18T08:49:10 IST" skipped="0">
  <testcase classname="testNGExecution.SearchSelenium" name="search_Selenium_In_Edge" time="38.554">
    <system-out>
      <![CDATA[Selenium]]>
    </system-out>
  </testcase> <!-- search_Selenium_In_Edge -->
  <system-out>
    <![CDATA[Selenium
Java
SQL]]>
  </system-out>
</testsuite> <!-- testNGExecution.SearchSelenium -->
