<?xml version="1.0" encoding="UTF-8"?>
<!-- Generated by org.testng.reporters.JUnitReportReporter -->
<testsuite hostname="DESKTOP-FL8EQEL" failures="0" tests="2" name="TestNGPackage.Remo" time="0.007" errors="0" timestamp="2023-09-16T12:47:44 IST" skipped="0">
  <testcase classname="TestNGPackage.Remo" name="method3" time="0.004">
    <system-out>
      <![CDATA[method3]]>
    </system-out>
  </testcase> <!-- method3 -->
  <testcase classname="TestNGPackage.Remo" name="method4" time="0.003">
    <system-out>
      <![CDATA[method4]]>
    </system-out>
  </testcase> <!-- method4 -->
  <system-out>
    <![CDATA[method1
method2
method3
method4
method5
method6]]>
  </system-out>
</testsuite> <!-- TestNGPackage.Remo -->
