<?xml version="1.0" encoding="UTF-8"?>
<!-- Generated by org.testng.reporters.JUnitReportReporter -->
<testsuite hostname="DESKTOP-FL8EQEL" failures="0" tests="1" name="testNGAnnotations.TestNG_Annotations" time="0.019" errors="0" timestamp="2023-09-18T13:50:42 IST" skipped="0">
  <testcase classname="testNGAnnotations.TestNG_Annotations" name="method_Test_Annotataion" time="0.019">
    <system-out>
      <![CDATA[TestAnnotations]]>
    </system-out>
  </testcase> <!-- method_Test_Annotataion -->
  <system-out>
    <![CDATA[BeforeSuiteAnnotation
BeforeTestAnnotation
BeforeClassannotation
BeforMethodAnnotations
TestAnnotations
AfterMethodAnnotation
AfterTestAnnotation
AfterClassAnnotation
AfterSuiteAnnotation]]>
  </system-out>
</testsuite> <!-- testNGAnnotations.TestNG_Annotations -->
