<?xml version="1.0" encoding="UTF-8"?>
<!-- Generated by org.testng.reporters.JUnitReportReporter -->
<testsuite hostname="DESKTOP-FL8EQEL" failures="0" tests="2" name="TestNGPackage.Demo1" time="0.033" errors="0" timestamp="2023-09-16T12:47:44 IST" skipped="0">
  <testcase classname="TestNGPackage.Demo1" name="method1" time="0.030">
    <system-out>
      <![CDATA[method1]]>
    </system-out>
  </testcase> <!-- method1 -->
  <testcase classname="TestNGPackage.Demo1" name="method2" time="0.003">
    <system-out>
      <![CDATA[method2]]>
    </system-out>
  </testcase> <!-- method2 -->
  <system-out>
    <![CDATA[method1
method2
method3
method4
method5
method6]]>
  </system-out>
</testsuite> <!-- TestNGPackage.Demo1 -->
