<?xml version="1.0" encoding="UTF-8"?>
<!-- Generated by org.testng.reporters.JUnitReportReporter -->
<testsuite hostname="DESKTOP-FL8EQEL" failures="0" tests="1" name="testNGExecution.SearchSQL" time="64.920" errors="0" timestamp="2023-09-18T08:49:10 IST" skipped="0">
  <testcase classname="testNGExecution.SearchSQL" name="search_SQL_In_Firefox" time="64.920">
    <system-out>
      <![CDATA[SQL]]>
    </system-out>
  </testcase> <!-- search_SQL_In_Firefox -->
  <system-out>
    <![CDATA[Selenium
Java
SQL]]>
  </system-out>
</testsuite> <!-- testNGExecution.SearchSQL -->
