<?xml version="1.0" encoding="UTF-8"?>
<!-- Generated by org.testng.reporters.JUnitReportReporter -->
<testsuite hostname="DESKTOP-FL8EQEL" failures="0" tests="2" name="TestNGPackage.Nano" time="0.007" errors="0" timestamp="2023-09-16T12:47:44 IST" skipped="0">
  <testcase classname="TestNGPackage.Nano" name="method6" time="0.003">
    <system-out>
      <![CDATA[method6]]>
    </system-out>
  </testcase> <!-- method6 -->
  <testcase classname="TestNGPackage.Nano" name="method5" time="0.004">
    <system-out>
      <![CDATA[method5]]>
    </system-out>
  </testcase> <!-- method5 -->
  <system-out>
    <![CDATA[method1
method2
method3
method4
method5
method6]]>
  </system-out>
</testsuite> <!-- TestNGPackage.Nano -->
