<?xml version="1.0" encoding="UTF-8"?>
<!-- Generated by org.testng.reporters.JUnitReportReporter -->
<testsuite hostname="DESKTOP-FL8EQEL" failures="0" tests="12" name="testNGAnnotations.Flag6" time="0.045" errors="0" timestamp="2023-09-20T19:09:06 IST" skipped="0">
  <testcase classname="testNGAnnotations.Flag6" name="it1" time="0.003"/>
  <testcase classname="testNGAnnotations.Flag6" name="it2" time="0.003"/>
  <testcase classname="testNGAnnotations.Flag6" name="ft6" time="0.003"/>
  <testcase classname="testNGAnnotations.Flag6" name="it3" time="0.004"/>
  <testcase classname="testNGAnnotations.Flag6" name="ft5" time="0.002"/>
  <testcase classname="testNGAnnotations.Flag6" name="ft3" time="0.002"/>
  <testcase classname="testNGAnnotations.Flag6" name="it4" time="0.002"/>
  <testcase classname="testNGAnnotations.Flag6" name="it6" time="0.003"/>
  <testcase classname="testNGAnnotations.Flag6" name="ft1" time="0.016"/>
  <testcase classname="testNGAnnotations.Flag6" name="ft4" time="0.002"/>
  <testcase classname="testNGAnnotations.Flag6" name="it5" time="0.003"/>
  <testcase classname="testNGAnnotations.Flag6" name="ft2" time="0.002"/>
</testsuite> <!-- testNGAnnotations.Flag6 -->
