<?xml version="1.0" encoding="UTF-8"?>
<!-- Generated by org.testng.reporters.JUnitReportReporter -->
<testsuite hostname="DESKTOP-FL8EQEL" failures="0" tests="2" name="testNGExecution.TestNGClass1" time="0.023" errors="0" timestamp="2023-09-16T14:36:46 IST" skipped="0">
  <testcase classname="testNGExecution.TestNGClass1" name="method1" time="0.020">
    <system-out>
      <![CDATA[TestNgClass1: Method 1]]>
    </system-out>
  </testcase> <!-- method1 -->
  <testcase classname="testNGExecution.TestNGClass1" name="method2" time="0.003">
    <system-out>
      <![CDATA[TestNgClass1: Method 2]]>
    </system-out>
  </testcase> <!-- method2 -->
  <system-out>
    <![CDATA[TestNgClass1: Method 1
TestNgClass1: Method 2
TestNgClass2: Method 3
TestNgClass2: Method 4
TestNgClass3: Method 5]]>
  </system-out>
</testsuite> <!-- testNGExecution.TestNGClass1 -->
