<?xml version="1.0" encoding="UTF-8"?>
<!-- Generated by org.testng.reporters.JUnitReportReporter -->
<testsuite hostname="DESKTOP-FL8EQEL" failures="0" tests="5" name="testNGAnnotations.ActiTimeDataProvider" time="16.633" errors="0" timestamp="2023-09-23T10:28:37 IST" skipped="0">
  <testcase classname="testNGAnnotations.ActiTimeDataProvider" name="invalidLoginMethod" time="3.093"/>
  <testcase classname="testNGAnnotations.ActiTimeDataProvider" name="invalidLoginMethod" time="3.054"/>
  <testcase classname="testNGAnnotations.ActiTimeDataProvider" name="invalidLoginMethod" time="3.057"/>
  <testcase classname="testNGAnnotations.ActiTimeDataProvider" name="invalidLoginMethod" time="2.980"/>
  <testcase classname="testNGAnnotations.ActiTimeDataProvider" name="invalidLoginMethod" time="4.449"/>
</testsuite> <!-- testNGAnnotations.ActiTimeDataProvider -->
