<?xml version="1.0" encoding="UTF-8"?>
<!-- Generated by org.testng.reporters.JUnitReportReporter -->
<testsuite hostname="DESKTOP-FL8EQEL" failures="0" tests="1" name="testNGAnnotations.GoogleSearchTestCase" time="9.404" errors="0" timestamp="2023-09-18T14:25:18 IST" skipped="0">
  <testcase classname="testNGAnnotations.GoogleSearchTestCase" name="search_for_java" time="9.404"/>
</testsuite> <!-- testNGAnnotations.GoogleSearchTestCase -->
