<?xml version="1.0" encoding="UTF-8"?>
<!-- Generated by org.testng.reporters.JUnitReportReporter -->
<testsuite hostname="DESKTOP-FL8EQEL" failures="0" tests="3" name="testNGAnnotations.Flag2" time="0.034" errors="0" timestamp="2023-09-20T09:16:12 IST" skipped="0">
  <testcase classname="testNGAnnotations.Flag2" name="method2" time="0.003">
    <system-out>
      <![CDATA[method2]]>
    </system-out>
  </testcase> <!-- method2 -->
  <testcase classname="testNGAnnotations.Flag2" name="method1" time="0.028">
    <system-out>
      <![CDATA[method1]]>
    </system-out>
  </testcase> <!-- method1 -->
  <testcase classname="testNGAnnotations.Flag2" name="method3" time="0.003">
    <system-out>
      <![CDATA[method3]]>
    </system-out>
  </testcase> <!-- method3 -->
  <system-out>
    <![CDATA[method1
method2
method3]]>
  </system-out>
</testsuite> <!-- testNGAnnotations.Flag2 -->
