<?xml version="1.0" encoding="UTF-8"?>
<!-- Generated by org.testng.reporters.JUnitReportReporter -->
<testsuite hostname="DESKTOP-FL8EQEL" failures="0" tests="1" name="testNGExecution.TestNGClass3" time="0.018" errors="0" timestamp="2023-09-16T14:39:32 IST" skipped="0">
  <testcase classname="testNGExecution.TestNGClass3" name="method6" time="0.018">
    <system-out>
      <![CDATA[TestNgClass3: Method 6]]>
    </system-out>
  </testcase> <!-- method6 -->
  <system-out>
    <![CDATA[TestNgClass3: Method 6]]>
  </system-out>
</testsuite> <!-- testNGExecution.TestNGClass3 -->
