<?xml version="1.0" encoding="UTF-8"?>
<!-- Generated by org.testng.reporters.JUnitReportReporter -->
<testsuite hostname="DESKTOP-FL8EQEL" failures="0" tests="3" name="testNGAnnotations.Flag1" time="0.025" errors="0" timestamp="2023-09-18T14:56:30 IST" skipped="0">
  <testcase classname="testNGAnnotations.Flag1" name="method2" time="0.003">
    <system-out>
      <![CDATA[method2]]>
    </system-out>
  </testcase> <!-- method2 -->
  <testcase classname="testNGAnnotations.Flag1" name="method1" time="0.019">
    <system-out>
      <![CDATA[method1]]>
    </system-out>
  </testcase> <!-- method1 -->
  <testcase classname="testNGAnnotations.Flag1" name="method3" time="0.003">
    <system-out>
      <![CDATA[method3]]>
    </system-out>
  </testcase> <!-- method3 -->
  <system-out>
    <![CDATA[method1
method2
method3]]>
  </system-out>
</testsuite> <!-- testNGAnnotations.Flag1 -->
