<?xml version="1.0" encoding="UTF-8"?>
<!-- Generated by org.testng.reporters.JUnitReportReporter -->
<testsuite hostname="DESKTOP-FL8EQEL" failures="0" tests="1" name="testNGExecution.SerachJava" time="41.518" errors="0" timestamp="2023-09-18T08:49:10 IST" skipped="0">
  <testcase classname="testNGExecution.SerachJava" name="java_Search_In_Chrome" time="41.518">
    <system-out>
      <![CDATA[Java]]>
    </system-out>
  </testcase> <!-- java_Search_In_Chrome -->
  <system-out>
    <![CDATA[Selenium
Java
SQL]]>
  </system-out>
</testsuite> <!-- testNGExecution.SerachJava -->
