<?xml version="1.0" encoding="UTF-8"?>
<!-- Generated by org.testng.reporters.JUnitReportReporter -->
<testsuite hostname="DESKTOP-FL8EQEL" failures="0" tests="3" name="testNGAnnotations.Flag5" time="0.028" errors="0" timestamp="2023-09-20T14:37:21 IST" skipped="0">
  <testcase classname="testNGAnnotations.Flag5" name="loginMethod" time="0.020"/>
  <testcase classname="testNGAnnotations.Flag5" name="mlogoutMethod" time="0.005"/>
  <testcase classname="testNGAnnotations.Flag5" name="createuserMethod" time="0.003"/>
</testsuite> <!-- testNGAnnotations.Flag5 -->
