<?xml version="1.0" encoding="UTF-8"?>
<!-- Generated by org.testng.reporters.JUnitReportReporter -->
<testsuite hostname="DESKTOP-FL8EQEL" failures="0" tests="2" name="testNGExecution.TestNGClass2" time="0.024" errors="0" timestamp="2023-09-21T19:33:04 IST" skipped="0">
  <testcase classname="testNGExecution.TestNGClass2" name="method3" time="0.020">
    <system-out>
      <![CDATA[TestNgClass2: Method 3]]>
    </system-out>
  </testcase> <!-- method3 -->
  <testcase classname="testNGExecution.TestNGClass2" name="method4" time="0.004">
    <system-out>
      <![CDATA[TestNgClass2: Method 4]]>
    </system-out>
  </testcase> <!-- method4 -->
  <system-out>
    <![CDATA[TestNgClass2: Method 3
TestNgClass2: Method 4]]>
  </system-out>
</testsuite> <!-- testNGExecution.TestNGClass2 -->
