<?xml version="1.0" encoding="UTF-8"?>
<!-- Generated by org.testng.reporters.JUnitReportReporter -->
<testsuite hostname="DESKTOP-FL8EQEL" failures="0" tests="1" name="testPackage.ActiTimeValidLoginTestCase" time="4.808" errors="0" timestamp="2023-10-05T12:36:32 IST" skipped="0">
  <testcase classname="testPackage.ActiTimeValidLoginTestCase" name="valiLoginTestScript" time="4.808"/>
</testsuite> <!-- testPackage.ActiTimeValidLoginTestCase -->
