<?xml version="1.0" encoding="UTF-8"?>
<!-- Generated by org.testng.reporters.JUnitReportReporter -->
<testsuite hostname="DESKTOP-FL8EQEL" failures="0" tests="1" name="testPackage.ActiTimeCreateProjects_Customers" time="12.570" errors="0" timestamp="2023-10-05T12:36:32 IST" skipped="0">
  <testcase classname="testPackage.ActiTimeCreateProjects_Customers" name="createValidCustomer_ProjectTestScript" time="12.570"/>
</testsuite> <!-- testPackage.ActiTimeCreateProjects_Customers -->
