<?xml version="1.0" encoding="UTF-8"?>
<!-- Generated by org.testng.reporters.JUnitReportReporter -->
<testsuite hostname="DESKTOP-FL8EQEL" failures="0" tests="1" name="testPackage.ActiTimeCreateManager" time="8.578" errors="0" timestamp="2023-10-05T12:36:32 IST" skipped="0">
  <testcase classname="testPackage.ActiTimeCreateManager" name="createNewManagerTestScript" time="8.578"/>
</testsuite> <!-- testPackage.ActiTimeCreateManager -->
